May 19 14:55:21 simplesamlphp ERROR [f2a956e8d0] SimpleSAML_Error_Exception: Error 8 - Undefined index: auth_static
May 19 14:55:21 simplesamlphp ERROR [f2a956e8d0] Backtrace:
May 19 14:55:21 simplesamlphp ERROR [f2a956e8d0] 4 /var/www/html/simplesamlphp/www/_include.php:84 (SimpleSAML_error_handler)
May 19 14:55:21 simplesamlphp ERROR [f2a956e8d0] 3 /var/www/html/simplesamlphp/modules/sm/lib/Auth/Source/UserPass.php:472 (sspmod_sm_Auth_Source_UserPass::loginPasswordless)
May 19 14:55:21 simplesamlphp ERROR [f2a956e8d0] 2 /var/www/html/simplesamlphp/modules/sm/lib/Auth/Source/UserPass.php:2167 (sspmod_sm_Auth_Source_UserPass::handleLoginPasswordless)
May 19 14:55:21 simplesamlphp ERROR [f2a956e8d0] 1 /var/www/html/simplesamlphp/modules/sm/www/loginuserpass.php:361 (require)
May 19 14:55:21 simplesamlphp ERROR [f2a956e8d0] 0 /var/www/html/simplesamlphp/www/module.php:136 (N/A)
May 19 14:55:21 simplesamlphp ERROR [f2a956e8d0] SimpleSAML_Error_Exception: Error 8 - Undefined variable: nameID
May 19 14:55:21 simplesamlphp ERROR [f2a956e8d0] Backtrace:
May 19 14:55:21 simplesamlphp ERROR [f2a956e8d0] 4 /var/www/html/simplesamlphp/www/_include.php:84 (SimpleSAML_error_handler)
May 19 14:55:21 simplesamlphp ERROR [f2a956e8d0] 3 /var/www/html/simplesamlphp/modules/sm/lib/Auth/Source/UserPass.php:474 (sspmod_sm_Auth_Source_UserPass::loginPasswordless)
May 19 14:55:21 simplesamlphp ERROR [f2a956e8d0] 2 /var/www/html/simplesamlphp/modules/sm/lib/Auth/Source/UserPass.php:2167 (sspmod_sm_Auth_Source_UserPass::handleLoginPasswordless)
May 19 14:55:21 simplesamlphp ERROR [f2a956e8d0] 1 /var/www/html/simplesamlphp/modules/sm/www/loginuserpass.php:361 (require)
May 19 14:55:21 simplesamlphp ERROR [f2a956e8d0] 0 /var/www/html/simplesamlphp/www/module.php:136 (N/A)
May 19 15:01:58 simplesamlphp ERROR [f2a956e8d0] SimpleSAML_Error_Exception: Error 8 - Undefined index: auth_static
May 19 15:01:58 simplesamlphp ERROR [f2a956e8d0] Backtrace:
May 19 15:01:58 simplesamlphp ERROR [f2a956e8d0] 4 /var/www/html/simplesamlphp/www/_include.php:84 (SimpleSAML_error_handler)
May 19 15:01:58 simplesamlphp ERROR [f2a956e8d0] 3 /var/www/html/simplesamlphp/modules/sm/lib/Auth/Source/UserPass.php:472 (sspmod_sm_Auth_Source_UserPass::loginPasswordless)
May 19 15:01:58 simplesamlphp ERROR [f2a956e8d0] 2 /var/www/html/simplesamlphp/modules/sm/lib/Auth/Source/UserPass.php:2167 (sspmod_sm_Auth_Source_UserPass::handleLoginPasswordless)
May 19 15:01:58 simplesamlphp ERROR [f2a956e8d0] 1 /var/www/html/simplesamlphp/modules/sm/www/loginuserpass.php:361 (require)
May 19 15:01:58 simplesamlphp ERROR [f2a956e8d0] 0 /var/www/html/simplesamlphp/www/module.php:136 (N/A)
May 19 15:01:58 simplesamlphp ERROR [f2a956e8d0] SimpleSAML_Error_Exception: Error 8 - Undefined variable: nameID
May 19 15:01:58 simplesamlphp ERROR [f2a956e8d0] Backtrace:
May 19 15:01:58 simplesamlphp ERROR [f2a956e8d0] 4 /var/www/html/simplesamlphp/www/_include.php:84 (SimpleSAML_error_handler)
May 19 15:01:58 simplesamlphp ERROR [f2a956e8d0] 3 /var/www/html/simplesamlphp/modules/sm/lib/Auth/Source/UserPass.php:474 (sspmod_sm_Auth_Source_UserPass::loginPasswordless)
May 19 15:01:58 simplesamlphp ERROR [f2a956e8d0] 2 /var/www/html/simplesamlphp/modules/sm/lib/Auth/Source/UserPass.php:2167 (sspmod_sm_Auth_Source_UserPass::handleLoginPasswordless)
May 19 15:01:58 simplesamlphp ERROR [f2a956e8d0] 1 /var/www/html/simplesamlphp/modules/sm/www/loginuserpass.php:361 (require)
May 19 15:01:58 simplesamlphp ERROR [f2a956e8d0] 0 /var/www/html/simplesamlphp/www/module.php:136 (N/A)
May 19 15:13:57 simplesamlphp ERROR [TR59cf419a] Error creating session: Headers already sent.
May 19 15:13:57 simplesamlphp ERROR [TR59cf419a] SimpleSAML_Error_Exception: Error 1 - Class 'sspmod_sm_Auth_Source_UserPass' not found
May 19 15:13:57 simplesamlphp ERROR [TR59cf419a] Backtrace:
May 19 15:13:57 simplesamlphp ERROR [TR59cf419a] 2 /var/www/html/simplesamlphp/www/_include.php:84 (SimpleSAML_error_handler)
May 19 15:13:57 simplesamlphp ERROR [TR59cf419a] 1 /var/www/html/simplesamlphp/www/_include.php:52 (SimpleSAML_exception_handler)
May 19 15:13:57 simplesamlphp ERROR [TR59cf419a] 0 [builtin] (N/A)
May 19 15:13:57 simplesamlphp ERROR [TR59cf419a] SimpleSAML_Error_Exception: Error 2 - session_name(): Cannot change session name when headers already sent
May 19 15:13:57 simplesamlphp ERROR [TR59cf419a] Backtrace:
May 19 15:13:57 simplesamlphp ERROR [TR59cf419a] 8 /var/www/html/simplesamlphp/www/_include.php:84 (SimpleSAML_error_handler)
May 19 15:13:57 simplesamlphp ERROR [TR59cf419a] 7 [builtin] (session_name)
May 19 15:13:57 simplesamlphp ERROR [TR59cf419a] 6 /var/www/html/simplesamlphp/lib/SimpleSAML/SessionHandlerPHP.php:73 (SimpleSAML_SessionHandlerPHP::__construct)
May 19 15:13:57 simplesamlphp ERROR [TR59cf419a] 5 /var/www/html/simplesamlphp/lib/SimpleSAML/SessionHandler.php:123 (SimpleSAML_SessionHandler::createSessionHandler)
May 19 15:13:57 simplesamlphp ERROR [TR59cf419a] 4 /var/www/html/simplesamlphp/lib/SimpleSAML/SessionHandler.php:39 (SimpleSAML_SessionHandler::getSessionHandler)
May 19 15:13:57 simplesamlphp ERROR [TR59cf419a] 3 /var/www/html/simplesamlphp/lib/SimpleSAML/Session.php:309 (SimpleSAML_Session::getSession)
May 19 15:13:57 simplesamlphp ERROR [TR59cf419a] 2 /var/www/html/simplesamlphp/lib/SimpleSAML/Session.php:245 (SimpleSAML_Session::getSessionFromRequest)
May 19 15:13:57 simplesamlphp ERROR [TR59cf419a] 1 /var/www/html/simplesamlphp/lib/SimpleSAML/Logger.php:250 (SimpleSAML_Logger::flush)
May 19 15:13:57 simplesamlphp ERROR [TR59cf419a] 0 [builtin] (N/A)
May 19 15:13:57 simplesamlphp ERROR [TR59cf419a] SimpleSAML_Error_Exception: Error 2 - session_set_cookie_params(): Cannot change session cookie parameters when headers already sent
May 19 15:13:57 simplesamlphp ERROR [TR59cf419a] Backtrace:
May 19 15:13:57 simplesamlphp ERROR [TR59cf419a] 8 /var/www/html/simplesamlphp/www/_include.php:84 (SimpleSAML_error_handler)
May 19 15:13:57 simplesamlphp ERROR [TR59cf419a] 7 [builtin] (session_set_cookie_params)
May 19 15:13:57 simplesamlphp ERROR [TR59cf419a] 6 /var/www/html/simplesamlphp/lib/SimpleSAML/SessionHandlerPHP.php:85 (SimpleSAML_SessionHandlerPHP::__construct)
May 19 15:13:57 simplesamlphp ERROR [TR59cf419a] 5 /var/www/html/simplesamlphp/lib/SimpleSAML/SessionHandler.php:123 (SimpleSAML_SessionHandler::createSessionHandler)
May 19 15:13:57 simplesamlphp ERROR [TR59cf419a] 4 /var/www/html/simplesamlphp/lib/SimpleSAML/SessionHandler.php:39 (SimpleSAML_SessionHandler::getSessionHandler)
May 19 15:13:57 simplesamlphp ERROR [TR59cf419a] 3 /var/www/html/simplesamlphp/lib/SimpleSAML/Session.php:309 (SimpleSAML_Session::getSession)
May 19 15:13:57 simplesamlphp ERROR [TR59cf419a] 2 /var/www/html/simplesamlphp/lib/SimpleSAML/Session.php:245 (SimpleSAML_Session::getSessionFromRequest)
May 19 15:13:57 simplesamlphp ERROR [TR59cf419a] 1 /var/www/html/simplesamlphp/lib/SimpleSAML/Logger.php:250 (SimpleSAML_Logger::flush)
May 19 15:13:57 simplesamlphp ERROR [TR59cf419a] 0 [builtin] (N/A)
May 19 15:13:57 simplesamlphp ERROR [TR59cf419a] SimpleSAML_Error_Exception: Error 2 - session_id(): Cannot change session id when headers already sent
May 19 15:13:57 simplesamlphp ERROR [TR59cf419a] Backtrace:
May 19 15:13:57 simplesamlphp ERROR [TR59cf419a] 6 /var/www/html/simplesamlphp/www/_include.php:84 (SimpleSAML_error_handler)
May 19 15:13:57 simplesamlphp ERROR [TR59cf419a] 5 [builtin] (session_id)
May 19 15:13:57 simplesamlphp ERROR [TR59cf419a] 4 /var/www/html/simplesamlphp/lib/SimpleSAML/SessionHandlerPHP.php:193 (SimpleSAML_SessionHandlerPHP::getCookieSessionId)
May 19 15:13:57 simplesamlphp ERROR [TR59cf419a] 3 /var/www/html/simplesamlphp/lib/SimpleSAML/Session.php:313 (SimpleSAML_Session::getSession)
May 19 15:13:57 simplesamlphp ERROR [TR59cf419a] 2 /var/www/html/simplesamlphp/lib/SimpleSAML/Session.php:245 (SimpleSAML_Session::getSessionFromRequest)
May 19 15:13:57 simplesamlphp ERROR [TR59cf419a] 1 /var/www/html/simplesamlphp/lib/SimpleSAML/Logger.php:250 (SimpleSAML_Logger::flush)
May 19 15:13:57 simplesamlphp ERROR [TR59cf419a] 0 [builtin] (N/A)
May 19 15:13:57 simplesamlphp ERROR [TR59cf419a] SimpleSAML_Error_Exception: Error 2 - session_cache_limiter(): Cannot change cache limiter when headers already sent
May 19 15:13:57 simplesamlphp ERROR [TR59cf419a] Backtrace:
May 19 15:13:57 simplesamlphp ERROR [TR59cf419a] 7 /var/www/html/simplesamlphp/www/_include.php:84 (SimpleSAML_error_handler)
May 19 15:13:57 simplesamlphp ERROR [TR59cf419a] 6 [builtin] (session_cache_limiter)
May 19 15:13:57 simplesamlphp ERROR [TR59cf419a] 5 /var/www/html/simplesamlphp/lib/SimpleSAML/SessionHandlerPHP.php:114 (SimpleSAML_SessionHandlerPHP::sessionStart)
May 19 15:13:57 simplesamlphp ERROR [TR59cf419a] 4 /var/www/html/simplesamlphp/lib/SimpleSAML/SessionHandlerPHP.php:201 (SimpleSAML_SessionHandlerPHP::getCookieSessionId)
May 19 15:13:57 simplesamlphp ERROR [TR59cf419a] 3 /var/www/html/simplesamlphp/lib/SimpleSAML/Session.php:313 (SimpleSAML_Session::getSession)
May 19 15:13:57 simplesamlphp ERROR [TR59cf419a] 2 /var/www/html/simplesamlphp/lib/SimpleSAML/Session.php:245 (SimpleSAML_Session::getSessionFromRequest)
May 19 15:13:57 simplesamlphp ERROR [TR59cf419a] 1 /var/www/html/simplesamlphp/lib/SimpleSAML/Logger.php:250 (SimpleSAML_Logger::flush)
May 19 15:13:57 simplesamlphp ERROR [TR59cf419a] 0 [builtin] (N/A)
May 19 15:13:58 simplesamlphp ERROR [TR07747898] Error creating session: Headers already sent.
May 19 15:13:58 simplesamlphp ERROR [TR07747898] SimpleSAML_Error_Exception: Error 1 - Class 'sspmod_sm_Auth_Source_UserPass' not found
May 19 15:13:58 simplesamlphp ERROR [TR07747898] Backtrace:
May 19 15:13:58 simplesamlphp ERROR [TR07747898] 2 /var/www/html/simplesamlphp/www/_include.php:84 (SimpleSAML_error_handler)
May 19 15:13:58 simplesamlphp ERROR [TR07747898] 1 /var/www/html/simplesamlphp/www/_include.php:52 (SimpleSAML_exception_handler)
May 19 15:13:58 simplesamlphp ERROR [TR07747898] 0 [builtin] (N/A)
May 19 15:13:58 simplesamlphp ERROR [TR07747898] SimpleSAML_Error_Exception: Error 2 - session_name(): Cannot change session name when headers already sent
May 19 15:13:58 simplesamlphp ERROR [TR07747898] Backtrace:
May 19 15:13:58 simplesamlphp ERROR [TR07747898] 8 /var/www/html/simplesamlphp/www/_include.php:84 (SimpleSAML_error_handler)
May 19 15:13:58 simplesamlphp ERROR [TR07747898] 7 [builtin] (session_name)
May 19 15:13:58 simplesamlphp ERROR [TR07747898] 6 /var/www/html/simplesamlphp/lib/SimpleSAML/SessionHandlerPHP.php:73 (SimpleSAML_SessionHandlerPHP::__construct)
May 19 15:13:58 simplesamlphp ERROR [TR07747898] 5 /var/www/html/simplesamlphp/lib/SimpleSAML/SessionHandler.php:123 (SimpleSAML_SessionHandler::createSessionHandler)
May 19 15:13:58 simplesamlphp ERROR [TR07747898] 4 /var/www/html/simplesamlphp/lib/SimpleSAML/SessionHandler.php:39 (SimpleSAML_SessionHandler::getSessionHandler)
May 19 15:13:58 simplesamlphp ERROR [TR07747898] 3 /var/www/html/simplesamlphp/lib/SimpleSAML/Session.php:309 (SimpleSAML_Session::getSession)
May 19 15:13:58 simplesamlphp ERROR [TR07747898] 2 /var/www/html/simplesamlphp/lib/SimpleSAML/Session.php:245 (SimpleSAML_Session::getSessionFromRequest)
May 19 15:13:58 simplesamlphp ERROR [TR07747898] 1 /var/www/html/simplesamlphp/lib/SimpleSAML/Logger.php:250 (SimpleSAML_Logger::flush)
May 19 15:13:58 simplesamlphp ERROR [TR07747898] 0 [builtin] (N/A)
May 19 15:13:58 simplesamlphp ERROR [TR07747898] SimpleSAML_Error_Exception: Error 2 - session_set_cookie_params(): Cannot change session cookie parameters when headers already sent
May 19 15:13:58 simplesamlphp ERROR [TR07747898] Backtrace:
May 19 15:13:58 simplesamlphp ERROR [TR07747898] 8 /var/www/html/simplesamlphp/www/_include.php:84 (SimpleSAML_error_handler)
May 19 15:13:58 simplesamlphp ERROR [TR07747898] 7 [builtin] (session_set_cookie_params)
May 19 15:13:58 simplesamlphp ERROR [TR07747898] 6 /var/www/html/simplesamlphp/lib/SimpleSAML/SessionHandlerPHP.php:85 (SimpleSAML_SessionHandlerPHP::__construct)
May 19 15:13:58 simplesamlphp ERROR [TR07747898] 5 /var/www/html/simplesamlphp/lib/SimpleSAML/SessionHandler.php:123 (SimpleSAML_SessionHandler::createSessionHandler)
May 19 15:13:58 simplesamlphp ERROR [TR07747898] 4 /var/www/html/simplesamlphp/lib/SimpleSAML/SessionHandler.php:39 (SimpleSAML_SessionHandler::getSessionHandler)
May 19 15:13:58 simplesamlphp ERROR [TR07747898] 3 /var/www/html/simplesamlphp/lib/SimpleSAML/Session.php:309 (SimpleSAML_Session::getSession)
May 19 15:13:58 simplesamlphp ERROR [TR07747898] 2 /var/www/html/simplesamlphp/lib/SimpleSAML/Session.php:245 (SimpleSAML_Session::getSessionFromRequest)
May 19 15:13:58 simplesamlphp ERROR [TR07747898] 1 /var/www/html/simplesamlphp/lib/SimpleSAML/Logger.php:250 (SimpleSAML_Logger::flush)
May 19 15:13:58 simplesamlphp ERROR [TR07747898] 0 [builtin] (N/A)
May 19 15:13:58 simplesamlphp ERROR [TR07747898] SimpleSAML_Error_Exception: Error 2 - session_id(): Cannot change session id when headers already sent
May 19 15:13:58 simplesamlphp ERROR [TR07747898] Backtrace:
May 19 15:13:58 simplesamlphp ERROR [TR07747898] 6 /var/www/html/simplesamlphp/www/_include.php:84 (SimpleSAML_error_handler)
May 19 15:13:58 simplesamlphp ERROR [TR07747898] 5 [builtin] (session_id)
May 19 15:13:58 simplesamlphp ERROR [TR07747898] 4 /var/www/html/simplesamlphp/lib/SimpleSAML/SessionHandlerPHP.php:193 (SimpleSAML_SessionHandlerPHP::getCookieSessionId)
May 19 15:13:58 simplesamlphp ERROR [TR07747898] 3 /var/www/html/simplesamlphp/lib/SimpleSAML/Session.php:313 (SimpleSAML_Session::getSession)
May 19 15:13:58 simplesamlphp ERROR [TR07747898] 2 /var/www/html/simplesamlphp/lib/SimpleSAML/Session.php:245 (SimpleSAML_Session::getSessionFromRequest)
May 19 15:13:58 simplesamlphp ERROR [TR07747898] 1 /var/www/html/simplesamlphp/lib/SimpleSAML/Logger.php:250 (SimpleSAML_Logger::flush)
May 19 15:13:58 simplesamlphp ERROR [TR07747898] 0 [builtin] (N/A)
May 19 15:13:58 simplesamlphp ERROR [TR07747898] SimpleSAML_Error_Exception: Error 2 - session_cache_limiter(): Cannot change cache limiter when headers already sent
May 19 15:13:58 simplesamlphp ERROR [TR07747898] Backtrace:
May 19 15:13:58 simplesamlphp ERROR [TR07747898] 7 /var/www/html/simplesamlphp/www/_include.php:84 (SimpleSAML_error_handler)
May 19 15:13:58 simplesamlphp ERROR [TR07747898] 6 [builtin] (session_cache_limiter)
May 19 15:13:58 simplesamlphp ERROR [TR07747898] 5 /var/www/html/simplesamlphp/lib/SimpleSAML/SessionHandlerPHP.php:114 (SimpleSAML_SessionHandlerPHP::sessionStart)
May 19 15:13:58 simplesamlphp ERROR [TR07747898] 4 /var/www/html/simplesamlphp/lib/SimpleSAML/SessionHandlerPHP.php:201 (SimpleSAML_SessionHandlerPHP::getCookieSessionId)
May 19 15:13:58 simplesamlphp ERROR [TR07747898] 3 /var/www/html/simplesamlphp/lib/SimpleSAML/Session.php:313 (SimpleSAML_Session::getSession)
May 19 15:13:58 simplesamlphp ERROR [TR07747898] 2 /var/www/html/simplesamlphp/lib/SimpleSAML/Session.php:245 (SimpleSAML_Session::getSessionFromRequest)
May 19 15:13:58 simplesamlphp ERROR [TR07747898] 1 /var/www/html/simplesamlphp/lib/SimpleSAML/Logger.php:250 (SimpleSAML_Logger::flush)
May 19 15:13:58 simplesamlphp ERROR [TR07747898] 0 [builtin] (N/A)
May 19 15:14:07 simplesamlphp ERROR [TR4a95bfa3] Error creating session: Headers already sent.
May 19 15:14:07 simplesamlphp ERROR [TR4a95bfa3] SimpleSAML_Error_Error: UNHANDLEDEXCEPTION
May 19 15:14:07 simplesamlphp ERROR [TR4a95bfa3] Backtrace:
May 19 15:14:07 simplesamlphp ERROR [TR4a95bfa3] 1 /var/www/html/simplesamlphp/www/_include.php:43 (SimpleSAML_exception_handler)
May 19 15:14:07 simplesamlphp ERROR [TR4a95bfa3] 0 [builtin] (N/A)
May 19 15:14:07 simplesamlphp ERROR [TR4a95bfa3] Caused by: Exception: Could not resolve 'sm:UserPass': No class named 'sspmod_sm_Auth_Source_UserPass'.
May 19 15:14:07 simplesamlphp ERROR [TR4a95bfa3] Backtrace:
May 19 15:14:07 simplesamlphp ERROR [TR4a95bfa3] 5 /var/www/html/simplesamlphp/lib/SimpleSAML/Module.php:152 (SimpleSAML_Module::resolveClass)
May 19 15:14:07 simplesamlphp ERROR [TR4a95bfa3] 4 /var/www/html/simplesamlphp/lib/SimpleSAML/Auth/Source.php:304 (SimpleSAML_Auth_Source::parseAuthSource)
May 19 15:14:07 simplesamlphp ERROR [TR4a95bfa3] 3 /var/www/html/simplesamlphp/lib/SimpleSAML/Auth/Source.php:349 (SimpleSAML_Auth_Source::getById)
May 19 15:14:07 simplesamlphp ERROR [TR4a95bfa3] 2 /var/www/html/simplesamlphp/lib/SimpleSAML/IdP.php:105 (SimpleSAML_IdP::__construct)
May 19 15:14:07 simplesamlphp ERROR [TR4a95bfa3] 1 /var/www/html/simplesamlphp/lib/SimpleSAML/IdP.php:139 (SimpleSAML_IdP::getById)
May 19 15:14:07 simplesamlphp ERROR [TR4a95bfa3] 0 /var/www/html/simplesamlphp/www/saml2/idp/SSOService.php:17 (N/A)
May 19 15:14:07 simplesamlphp ERROR [TR4a95bfa3] Error report with id fb5133b7 generated.
May 19 15:14:07 simplesamlphp ERROR [TR4a95bfa3] SimpleSAML_Error_Exception: Error 2 - session_name(): Cannot change session name when headers already sent
May 19 15:14:07 simplesamlphp ERROR [TR4a95bfa3] Backtrace:
May 19 15:14:07 simplesamlphp ERROR [TR4a95bfa3] 10 /var/www/html/simplesamlphp/www/_include.php:84 (SimpleSAML_error_handler)
May 19 15:14:07 simplesamlphp ERROR [TR4a95bfa3] 9 [builtin] (session_name)
May 19 15:14:07 simplesamlphp ERROR [TR4a95bfa3] 8 /var/www/html/simplesamlphp/lib/SimpleSAML/SessionHandlerPHP.php:73 (SimpleSAML_SessionHandlerPHP::__construct)
May 19 15:14:07 simplesamlphp ERROR [TR4a95bfa3] 7 /var/www/html/simplesamlphp/lib/SimpleSAML/SessionHandler.php:123 (SimpleSAML_SessionHandler::createSessionHandler)
May 19 15:14:07 simplesamlphp ERROR [TR4a95bfa3] 6 /var/www/html/simplesamlphp/lib/SimpleSAML/SessionHandler.php:39 (SimpleSAML_SessionHandler::getSessionHandler)
May 19 15:14:07 simplesamlphp ERROR [TR4a95bfa3] 5 /var/www/html/simplesamlphp/lib/SimpleSAML/Session.php:309 (SimpleSAML_Session::getSession)
May 19 15:14:07 simplesamlphp ERROR [TR4a95bfa3] 4 /var/www/html/simplesamlphp/lib/SimpleSAML/Session.php:245 (SimpleSAML_Session::getSessionFromRequest)
May 19 15:14:07 simplesamlphp ERROR [TR4a95bfa3] 3 /var/www/html/simplesamlphp/lib/SimpleSAML/Error/Error.php:217 (SimpleSAML_Error_Error::saveError)
May 19 15:14:07 simplesamlphp ERROR [TR4a95bfa3] 2 /var/www/html/simplesamlphp/lib/SimpleSAML/Error/Error.php:256 (SimpleSAML_Error_Error::show)
May 19 15:14:07 simplesamlphp ERROR [TR4a95bfa3] 1 /var/www/html/simplesamlphp/www/_include.php:44 (SimpleSAML_exception_handler)
May 19 15:14:07 simplesamlphp ERROR [TR4a95bfa3] 0 [builtin] (N/A)
May 19 15:14:07 simplesamlphp ERROR [TR4a95bfa3] SimpleSAML_Error_Exception: Error 2 - session_set_cookie_params(): Cannot change session cookie parameters when headers already sent
May 19 15:14:07 simplesamlphp ERROR [TR4a95bfa3] Backtrace:
May 19 15:14:07 simplesamlphp ERROR [TR4a95bfa3] 10 /var/www/html/simplesamlphp/www/_include.php:84 (SimpleSAML_error_handler)
May 19 15:14:07 simplesamlphp ERROR [TR4a95bfa3] 9 [builtin] (session_set_cookie_params)
May 19 15:14:07 simplesamlphp ERROR [TR4a95bfa3] 8 /var/www/html/simplesamlphp/lib/SimpleSAML/SessionHandlerPHP.php:85 (SimpleSAML_SessionHandlerPHP::__construct)
May 19 15:14:07 simplesamlphp ERROR [TR4a95bfa3] 7 /var/www/html/simplesamlphp/lib/SimpleSAML/SessionHandler.php:123 (SimpleSAML_SessionHandler::createSessionHandler)
May 19 15:14:07 simplesamlphp ERROR [TR4a95bfa3] 6 /var/www/html/simplesamlphp/lib/SimpleSAML/SessionHandler.php:39 (SimpleSAML_SessionHandler::getSessionHandler)
May 19 15:14:07 simplesamlphp ERROR [TR4a95bfa3] 5 /var/www/html/simplesamlphp/lib/SimpleSAML/Session.php:309 (SimpleSAML_Session::getSession)
May 19 15:14:07 simplesamlphp ERROR [TR4a95bfa3] 4 /var/www/html/simplesamlphp/lib/SimpleSAML/Session.php:245 (SimpleSAML_Session::getSessionFromRequest)
May 19 15:14:07 simplesamlphp ERROR [TR4a95bfa3] 3 /var/www/html/simplesamlphp/lib/SimpleSAML/Error/Error.php:217 (SimpleSAML_Error_Error::saveError)
May 19 15:14:07 simplesamlphp ERROR [TR4a95bfa3] 2 /var/www/html/simplesamlphp/lib/SimpleSAML/Error/Error.php:256 (SimpleSAML_Error_Error::show)
May 19 15:14:07 simplesamlphp ERROR [TR4a95bfa3] 1 /var/www/html/simplesamlphp/www/_include.php:44 (SimpleSAML_exception_handler)
May 19 15:14:07 simplesamlphp ERROR [TR4a95bfa3] 0 [builtin] (N/A)
May 19 15:14:07 simplesamlphp ERROR [TR4a95bfa3] SimpleSAML_Error_Exception: Error 2 - session_id(): Cannot change session id when headers already sent
May 19 15:14:07 simplesamlphp ERROR [TR4a95bfa3] Backtrace:
May 19 15:14:07 simplesamlphp ERROR [TR4a95bfa3] 8 /var/www/html/simplesamlphp/www/_include.php:84 (SimpleSAML_error_handler)
May 19 15:14:07 simplesamlphp ERROR [TR4a95bfa3] 7 [builtin] (session_id)
May 19 15:14:07 simplesamlphp ERROR [TR4a95bfa3] 6 /var/www/html/simplesamlphp/lib/SimpleSAML/SessionHandlerPHP.php:193 (SimpleSAML_SessionHandlerPHP::getCookieSessionId)
May 19 15:14:07 simplesamlphp ERROR [TR4a95bfa3] 5 /var/www/html/simplesamlphp/lib/SimpleSAML/Session.php:313 (SimpleSAML_Session::getSession)
May 19 15:14:07 simplesamlphp ERROR [TR4a95bfa3] 4 /var/www/html/simplesamlphp/lib/SimpleSAML/Session.php:245 (SimpleSAML_Session::getSessionFromRequest)
May 19 15:14:07 simplesamlphp ERROR [TR4a95bfa3] 3 /var/www/html/simplesamlphp/lib/SimpleSAML/Error/Error.php:217 (SimpleSAML_Error_Error::saveError)
May 19 15:14:07 simplesamlphp ERROR [TR4a95bfa3] 2 /var/www/html/simplesamlphp/lib/SimpleSAML/Error/Error.php:256 (SimpleSAML_Error_Error::show)
May 19 15:14:07 simplesamlphp ERROR [TR4a95bfa3] 1 /var/www/html/simplesamlphp/www/_include.php:44 (SimpleSAML_exception_handler)
May 19 15:14:07 simplesamlphp ERROR [TR4a95bfa3] 0 [builtin] (N/A)
May 19 15:14:07 simplesamlphp ERROR [TR4a95bfa3] SimpleSAML_Error_Exception: Error 2 - session_cache_limiter(): Cannot change cache limiter when headers already sent
May 19 15:14:07 simplesamlphp ERROR [TR4a95bfa3] Backtrace:
May 19 15:14:07 simplesamlphp ERROR [TR4a95bfa3] 9 /var/www/html/simplesamlphp/www/_include.php:84 (SimpleSAML_error_handler)
May 19 15:14:07 simplesamlphp ERROR [TR4a95bfa3] 8 [builtin] (session_cache_limiter)
May 19 15:14:07 simplesamlphp ERROR [TR4a95bfa3] 7 /var/www/html/simplesamlphp/lib/SimpleSAML/SessionHandlerPHP.php:114 (SimpleSAML_SessionHandlerPHP::sessionStart)
May 19 15:14:07 simplesamlphp ERROR [TR4a95bfa3] 6 /var/www/html/simplesamlphp/lib/SimpleSAML/SessionHandlerPHP.php:201 (SimpleSAML_SessionHandlerPHP::getCookieSessionId)
May 19 15:14:07 simplesamlphp ERROR [TR4a95bfa3] 5 /var/www/html/simplesamlphp/lib/SimpleSAML/Session.php:313 (SimpleSAML_Session::getSession)
May 19 15:14:07 simplesamlphp ERROR [TR4a95bfa3] 4 /var/www/html/simplesamlphp/lib/SimpleSAML/Session.php:245 (SimpleSAML_Session::getSessionFromRequest)
May 19 15:14:07 simplesamlphp ERROR [TR4a95bfa3] 3 /var/www/html/simplesamlphp/lib/SimpleSAML/Error/Error.php:217 (SimpleSAML_Error_Error::saveError)
May 19 15:14:07 simplesamlphp ERROR [TR4a95bfa3] 2 /var/www/html/simplesamlphp/lib/SimpleSAML/Error/Error.php:256 (SimpleSAML_Error_Error::show)
May 19 15:14:07 simplesamlphp ERROR [TR4a95bfa3] 1 /var/www/html/simplesamlphp/www/_include.php:44 (SimpleSAML_exception_handler)
May 19 15:14:07 simplesamlphp ERROR [TR4a95bfa3] 0 [builtin] (N/A)
May 19 15:14:07 simplesamlphp ERROR [TR4a95bfa3] SimpleSAML_Error_Exception: Error 2 - session_cache_limiter(): Cannot change cache limiter when headers already sent
May 19 15:14:07 simplesamlphp ERROR [TR4a95bfa3] Backtrace:
May 19 15:14:07 simplesamlphp ERROR [TR4a95bfa3] 9 /var/www/html/simplesamlphp/www/_include.php:84 (SimpleSAML_error_handler)
May 19 15:14:07 simplesamlphp ERROR [TR4a95bfa3] 8 [builtin] (session_cache_limiter)
May 19 15:14:07 simplesamlphp ERROR [TR4a95bfa3] 7 /var/www/html/simplesamlphp/lib/SimpleSAML/SessionHandlerPHP.php:117 (SimpleSAML_SessionHandlerPHP::sessionStart)
May 19 15:14:07 simplesamlphp ERROR [TR4a95bfa3] 6 /var/www/html/simplesamlphp/lib/SimpleSAML/SessionHandlerPHP.php:201 (SimpleSAML_SessionHandlerPHP::getCookieSessionId)
May 19 15:14:07 simplesamlphp ERROR [TR4a95bfa3] 5 /var/www/html/simplesamlphp/lib/SimpleSAML/Session.php:313 (SimpleSAML_Session::getSession)
May 19 15:14:07 simplesamlphp ERROR [TR4a95bfa3] 4 /var/www/html/simplesamlphp/lib/SimpleSAML/Session.php:245 (SimpleSAML_Session::getSessionFromRequest)
May 19 15:14:07 simplesamlphp ERROR [TR4a95bfa3] 3 /var/www/html/simplesamlphp/lib/SimpleSAML/Error/Error.php:217 (SimpleSAML_Error_Error::saveError)
May 19 15:14:07 simplesamlphp ERROR [TR4a95bfa3] 2 /var/www/html/simplesamlphp/lib/SimpleSAML/Error/Error.php:256 (SimpleSAML_Error_Error::show)
May 19 15:14:07 simplesamlphp ERROR [TR4a95bfa3] 1 /var/www/html/simplesamlphp/www/_include.php:44 (SimpleSAML_exception_handler)
May 19 15:14:07 simplesamlphp ERROR [TR4a95bfa3] 0 [builtin] (N/A)
May 19 15:18:14 simplesamlphp ERROR [f2a956e8d0] SimpleSAML_Error_Exception: Error 8 - Undefined index: auth_static
May 19 15:18:14 simplesamlphp ERROR [f2a956e8d0] Backtrace:
May 19 15:18:14 simplesamlphp ERROR [f2a956e8d0] 4 /var/www/html/simplesamlphp/www/_include.php:84 (SimpleSAML_error_handler)
May 19 15:18:14 simplesamlphp ERROR [f2a956e8d0] 3 /var/www/html/simplesamlphp/modules/sm/lib/Auth/Source/UserPass.php:474 (sspmod_sm_Auth_Source_UserPass::loginPasswordless)
May 19 15:18:14 simplesamlphp ERROR [f2a956e8d0] 2 /var/www/html/simplesamlphp/modules/sm/lib/Auth/Source/UserPass.php:2113 (sspmod_sm_Auth_Source_UserPass::handleLoginPasswordless)
May 19 15:18:14 simplesamlphp ERROR [f2a956e8d0] 1 /var/www/html/simplesamlphp/modules/sm/www/loginuserpass.php:361 (require)
May 19 15:18:14 simplesamlphp ERROR [f2a956e8d0] 0 /var/www/html/simplesamlphp/www/module.php:136 (N/A)
May 19 15:18:14 simplesamlphp ERROR [f2a956e8d0] SimpleSAML_Error_Exception: Error 8 - Undefined variable: nameID
May 19 15:18:14 simplesamlphp ERROR [f2a956e8d0] Backtrace:
May 19 15:18:14 simplesamlphp ERROR [f2a956e8d0] 4 /var/www/html/simplesamlphp/www/_include.php:84 (SimpleSAML_error_handler)
May 19 15:18:14 simplesamlphp ERROR [f2a956e8d0] 3 /var/www/html/simplesamlphp/modules/sm/lib/Auth/Source/UserPass.php:476 (sspmod_sm_Auth_Source_UserPass::loginPasswordless)
May 19 15:18:14 simplesamlphp ERROR [f2a956e8d0] 2 /var/www/html/simplesamlphp/modules/sm/lib/Auth/Source/UserPass.php:2113 (sspmod_sm_Auth_Source_UserPass::handleLoginPasswordless)
May 19 15:18:14 simplesamlphp ERROR [f2a956e8d0] 1 /var/www/html/simplesamlphp/modules/sm/www/loginuserpass.php:361 (require)
May 19 15:18:14 simplesamlphp ERROR [f2a956e8d0] 0 /var/www/html/simplesamlphp/www/module.php:136 (N/A)
May 19 15:18:15 simplesamlphp ERROR [f2a956e8d0] SimpleSAML_Error_Exception: Error 8 - Undefined index: auth_static
May 19 15:18:15 simplesamlphp ERROR [f2a956e8d0] Backtrace:
May 19 15:18:15 simplesamlphp ERROR [f2a956e8d0] 4 /var/www/html/simplesamlphp/www/_include.php:84 (SimpleSAML_error_handler)
May 19 15:18:15 simplesamlphp ERROR [f2a956e8d0] 3 /var/www/html/simplesamlphp/modules/sm/lib/Auth/Source/UserPass.php:474 (sspmod_sm_Auth_Source_UserPass::loginPasswordless)
May 19 15:18:15 simplesamlphp ERROR [f2a956e8d0] 2 /var/www/html/simplesamlphp/modules/sm/lib/Auth/Source/UserPass.php:2113 (sspmod_sm_Auth_Source_UserPass::handleLoginPasswordless)
May 19 15:18:15 simplesamlphp ERROR [f2a956e8d0] 1 /var/www/html/simplesamlphp/modules/sm/www/loginuserpass.php:361 (require)
May 19 15:18:15 simplesamlphp ERROR [f2a956e8d0] 0 /var/www/html/simplesamlphp/www/module.php:136 (N/A)
May 19 15:18:15 simplesamlphp ERROR [f2a956e8d0] SimpleSAML_Error_Exception: Error 8 - Undefined variable: nameID
May 19 15:18:15 simplesamlphp ERROR [f2a956e8d0] Backtrace:
May 19 15:18:15 simplesamlphp ERROR [f2a956e8d0] 4 /var/www/html/simplesamlphp/www/_include.php:84 (SimpleSAML_error_handler)
May 19 15:18:15 simplesamlphp ERROR [f2a956e8d0] 3 /var/www/html/simplesamlphp/modules/sm/lib/Auth/Source/UserPass.php:476 (sspmod_sm_Auth_Source_UserPass::loginPasswordless)
May 19 15:18:15 simplesamlphp ERROR [f2a956e8d0] 2 /var/www/html/simplesamlphp/modules/sm/lib/Auth/Source/UserPass.php:2113 (sspmod_sm_Auth_Source_UserPass::handleLoginPasswordless)
May 19 15:18:15 simplesamlphp ERROR [f2a956e8d0] 1 /var/www/html/simplesamlphp/modules/sm/www/loginuserpass.php:361 (require)
May 19 15:18:15 simplesamlphp ERROR [f2a956e8d0] 0 /var/www/html/simplesamlphp/www/module.php:136 (N/A)
May 19 15:18:26 simplesamlphp ERROR [f2a956e8d0] SimpleSAML_Error_Exception: Error 8 - Undefined index: auth_static
May 19 15:18:26 simplesamlphp ERROR [f2a956e8d0] Backtrace:
May 19 15:18:26 simplesamlphp ERROR [f2a956e8d0] 4 /var/www/html/simplesamlphp/www/_include.php:84 (SimpleSAML_error_handler)
May 19 15:18:26 simplesamlphp ERROR [f2a956e8d0] 3 /var/www/html/simplesamlphp/modules/sm/lib/Auth/Source/UserPass.php:474 (sspmod_sm_Auth_Source_UserPass::loginPasswordless)
May 19 15:18:26 simplesamlphp ERROR [f2a956e8d0] 2 /var/www/html/simplesamlphp/modules/sm/lib/Auth/Source/UserPass.php:2113 (sspmod_sm_Auth_Source_UserPass::handleLoginPasswordless)
May 19 15:18:26 simplesamlphp ERROR [f2a956e8d0] 1 /var/www/html/simplesamlphp/modules/sm/www/loginuserpass.php:361 (require)
May 19 15:18:26 simplesamlphp ERROR [f2a956e8d0] 0 /var/www/html/simplesamlphp/www/module.php:136 (N/A)
May 19 15:18:26 simplesamlphp ERROR [f2a956e8d0] SimpleSAML_Error_Exception: Error 8 - Undefined variable: nameID
May 19 15:18:26 simplesamlphp ERROR [f2a956e8d0] Backtrace:
May 19 15:18:26 simplesamlphp ERROR [f2a956e8d0] 4 /var/www/html/simplesamlphp/www/_include.php:84 (SimpleSAML_error_handler)
May 19 15:18:26 simplesamlphp ERROR [f2a956e8d0] 3 /var/www/html/simplesamlphp/modules/sm/lib/Auth/Source/UserPass.php:476 (sspmod_sm_Auth_Source_UserPass::loginPasswordless)
May 19 15:18:26 simplesamlphp ERROR [f2a956e8d0] 2 /var/www/html/simplesamlphp/modules/sm/lib/Auth/Source/UserPass.php:2113 (sspmod_sm_Auth_Source_UserPass::handleLoginPasswordless)
May 19 15:18:26 simplesamlphp ERROR [f2a956e8d0] 1 /var/www/html/simplesamlphp/modules/sm/www/loginuserpass.php:361 (require)
May 19 15:18:26 simplesamlphp ERROR [f2a956e8d0] 0 /var/www/html/simplesamlphp/www/module.php:136 (N/A)
May 19 15:53:03 simplesamlphp ERROR [f2a956e8d0] SimpleSAML_Error_Exception: Error 8 - Undefined index: auth_static
May 19 15:53:03 simplesamlphp ERROR [f2a956e8d0] Backtrace:
May 19 15:53:03 simplesamlphp ERROR [f2a956e8d0] 4 /var/www/html/simplesamlphp/www/_include.php:84 (SimpleSAML_error_handler)
May 19 15:53:03 simplesamlphp ERROR [f2a956e8d0] 3 /var/www/html/simplesamlphp/modules/sm/lib/Auth/Source/UserPass.php:474 (sspmod_sm_Auth_Source_UserPass::loginPasswordless)
May 19 15:53:03 simplesamlphp ERROR [f2a956e8d0] 2 /var/www/html/simplesamlphp/modules/sm/lib/Auth/Source/UserPass.php:2113 (sspmod_sm_Auth_Source_UserPass::handleLoginPasswordless)
May 19 15:53:03 simplesamlphp ERROR [f2a956e8d0] 1 /var/www/html/simplesamlphp/modules/sm/www/loginuserpass.php:361 (require)
May 19 15:53:03 simplesamlphp ERROR [f2a956e8d0] 0 /var/www/html/simplesamlphp/www/module.php:136 (N/A)
May 19 15:53:03 simplesamlphp ERROR [f2a956e8d0] SimpleSAML_Error_Exception: Error 8 - Undefined variable: nameID
May 19 15:53:03 simplesamlphp ERROR [f2a956e8d0] Backtrace:
May 19 15:53:03 simplesamlphp ERROR [f2a956e8d0] 4 /var/www/html/simplesamlphp/www/_include.php:84 (SimpleSAML_error_handler)
May 19 15:53:03 simplesamlphp ERROR [f2a956e8d0] 3 /var/www/html/simplesamlphp/modules/sm/lib/Auth/Source/UserPass.php:476 (sspmod_sm_Auth_Source_UserPass::loginPasswordless)
May 19 15:53:03 simplesamlphp ERROR [f2a956e8d0] 2 /var/www/html/simplesamlphp/modules/sm/lib/Auth/Source/UserPass.php:2113 (sspmod_sm_Auth_Source_UserPass::handleLoginPasswordless)
May 19 15:53:03 simplesamlphp ERROR [f2a956e8d0] 1 /var/www/html/simplesamlphp/modules/sm/www/loginuserpass.php:361 (require)
May 19 15:53:03 simplesamlphp ERROR [f2a956e8d0] 0 /var/www/html/simplesamlphp/www/module.php:136 (N/A)
May 19 15:53:10 simplesamlphp ERROR [f2a956e8d0] SimpleSAML_Error_Exception: Error 8 - Undefined index: stepupAuth
May 19 15:53:10 simplesamlphp ERROR [f2a956e8d0] Backtrace:
May 19 15:53:10 simplesamlphp ERROR [f2a956e8d0] 4 /var/www/html/simplesamlphp/www/_include.php:84 (SimpleSAML_error_handler)
May 19 15:53:10 simplesamlphp ERROR [f2a956e8d0] 3 /var/www/html/simplesamlphp/modules/sm/templates/loginuserpass.php:238 (require)
May 19 15:53:10 simplesamlphp ERROR [f2a956e8d0] 2 /var/www/html/simplesamlphp/lib/SimpleSAML/XHTML/Template.php:577 (SimpleSAML_XHTML_Template::show)
May 19 15:53:10 simplesamlphp ERROR [f2a956e8d0] 1 /var/www/html/simplesamlphp/modules/sm/www/loginuserpass.php:1058 (require)
May 19 15:53:10 simplesamlphp ERROR [f2a956e8d0] 0 /var/www/html/simplesamlphp/www/module.php:136 (N/A)
May 19 15:53:49 simplesamlphp ERROR [f2a956e8d0] SimpleSAML_Error_Exception: Error 8 - Undefined index: auth_static
May 19 15:53:49 simplesamlphp ERROR [f2a956e8d0] Backtrace:
May 19 15:53:49 simplesamlphp ERROR [f2a956e8d0] 4 /var/www/html/simplesamlphp/www/_include.php:84 (SimpleSAML_error_handler)
May 19 15:53:49 simplesamlphp ERROR [f2a956e8d0] 3 /var/www/html/simplesamlphp/modules/sm/lib/Auth/Source/UserPass.php:474 (sspmod_sm_Auth_Source_UserPass::loginPasswordless)
May 19 15:53:49 simplesamlphp ERROR [f2a956e8d0] 2 /var/www/html/simplesamlphp/modules/sm/lib/Auth/Source/UserPass.php:2113 (sspmod_sm_Auth_Source_UserPass::handleLoginPasswordless)
May 19 15:53:49 simplesamlphp ERROR [f2a956e8d0] 1 /var/www/html/simplesamlphp/modules/sm/www/loginuserpass.php:361 (require)
May 19 15:53:49 simplesamlphp ERROR [f2a956e8d0] 0 /var/www/html/simplesamlphp/www/module.php:136 (N/A)
May 19 15:53:49 simplesamlphp ERROR [f2a956e8d0] SimpleSAML_Error_Exception: Error 8 - Undefined variable: nameID
May 19 15:53:49 simplesamlphp ERROR [f2a956e8d0] Backtrace:
May 19 15:53:49 simplesamlphp ERROR [f2a956e8d0] 4 /var/www/html/simplesamlphp/www/_include.php:84 (SimpleSAML_error_handler)
May 19 15:53:49 simplesamlphp ERROR [f2a956e8d0] 3 /var/www/html/simplesamlphp/modules/sm/lib/Auth/Source/UserPass.php:476 (sspmod_sm_Auth_Source_UserPass::loginPasswordless)
May 19 15:53:49 simplesamlphp ERROR [f2a956e8d0] 2 /var/www/html/simplesamlphp/modules/sm/lib/Auth/Source/UserPass.php:2113 (sspmod_sm_Auth_Source_UserPass::handleLoginPasswordless)
May 19 15:53:49 simplesamlphp ERROR [f2a956e8d0] 1 /var/www/html/simplesamlphp/modules/sm/www/loginuserpass.php:361 (require)
May 19 15:53:49 simplesamlphp ERROR [f2a956e8d0] 0 /var/www/html/simplesamlphp/www/module.php:136 (N/A)
May 19 15:53:49 simplesamlphp ERROR [f2a956e8d0] SimpleSAML_Error_Exception: Error 8 - Undefined index: stepupAuth
May 19 15:53:49 simplesamlphp ERROR [f2a956e8d0] Backtrace:
May 19 15:53:49 simplesamlphp ERROR [f2a956e8d0] 4 /var/www/html/simplesamlphp/www/_include.php:84 (SimpleSAML_error_handler)
May 19 15:53:49 simplesamlphp ERROR [f2a956e8d0] 3 /var/www/html/simplesamlphp/modules/sm/templates/loginuserpass.php:238 (require)
May 19 15:53:49 simplesamlphp ERROR [f2a956e8d0] 2 /var/www/html/simplesamlphp/lib/SimpleSAML/XHTML/Template.php:577 (SimpleSAML_XHTML_Template::show)
May 19 15:53:49 simplesamlphp ERROR [f2a956e8d0] 1 /var/www/html/simplesamlphp/modules/sm/www/loginuserpass.php:1058 (require)
May 19 15:53:49 simplesamlphp ERROR [f2a956e8d0] 0 /var/www/html/simplesamlphp/www/module.php:136 (N/A)
May 19 15:53:52 simplesamlphp ERROR [f2a956e8d0] SimpleSAML_Error_Exception: Error 8 - Undefined index: stepupAuth
May 19 15:53:52 simplesamlphp ERROR [f2a956e8d0] Backtrace:
May 19 15:53:52 simplesamlphp ERROR [f2a956e8d0] 4 /var/www/html/simplesamlphp/www/_include.php:84 (SimpleSAML_error_handler)
May 19 15:53:52 simplesamlphp ERROR [f2a956e8d0] 3 /var/www/html/simplesamlphp/modules/sm/templates/loginuserpass.php:238 (require)
May 19 15:53:52 simplesamlphp ERROR [f2a956e8d0] 2 /var/www/html/simplesamlphp/lib/SimpleSAML/XHTML/Template.php:577 (SimpleSAML_XHTML_Template::show)
May 19 15:53:52 simplesamlphp ERROR [f2a956e8d0] 1 /var/www/html/simplesamlphp/modules/sm/www/loginuserpass.php:1058 (require)
May 19 15:53:52 simplesamlphp ERROR [f2a956e8d0] 0 /var/www/html/simplesamlphp/www/module.php:136 (N/A)
May 19 15:53:56 simplesamlphp ERROR [f2a956e8d0] SimpleSAML_Error_Exception: Error 8 - Undefined index: auth_static
May 19 15:53:56 simplesamlphp ERROR [f2a956e8d0] Backtrace:
May 19 15:53:56 simplesamlphp ERROR [f2a956e8d0] 4 /var/www/html/simplesamlphp/www/_include.php:84 (SimpleSAML_error_handler)
May 19 15:53:56 simplesamlphp ERROR [f2a956e8d0] 3 /var/www/html/simplesamlphp/modules/sm/lib/Auth/Source/UserPass.php:474 (sspmod_sm_Auth_Source_UserPass::loginPasswordless)
May 19 15:53:56 simplesamlphp ERROR [f2a956e8d0] 2 /var/www/html/simplesamlphp/modules/sm/lib/Auth/Source/UserPass.php:2113 (sspmod_sm_Auth_Source_UserPass::handleLoginPasswordless)
May 19 15:53:56 simplesamlphp ERROR [f2a956e8d0] 1 /var/www/html/simplesamlphp/modules/sm/www/loginuserpass.php:361 (require)
May 19 15:53:56 simplesamlphp ERROR [f2a956e8d0] 0 /var/www/html/simplesamlphp/www/module.php:136 (N/A)
May 19 15:53:56 simplesamlphp ERROR [f2a956e8d0] SimpleSAML_Error_Exception: Error 8 - Undefined variable: nameID
May 19 15:53:56 simplesamlphp ERROR [f2a956e8d0] Backtrace:
May 19 15:53:56 simplesamlphp ERROR [f2a956e8d0] 4 /var/www/html/simplesamlphp/www/_include.php:84 (SimpleSAML_error_handler)
May 19 15:53:56 simplesamlphp ERROR [f2a956e8d0] 3 /var/www/html/simplesamlphp/modules/sm/lib/Auth/Source/UserPass.php:476 (sspmod_sm_Auth_Source_UserPass::loginPasswordless)
May 19 15:53:56 simplesamlphp ERROR [f2a956e8d0] 2 /var/www/html/simplesamlphp/modules/sm/lib/Auth/Source/UserPass.php:2113 (sspmod_sm_Auth_Source_UserPass::handleLoginPasswordless)
May 19 15:53:56 simplesamlphp ERROR [f2a956e8d0] 1 /var/www/html/simplesamlphp/modules/sm/www/loginuserpass.php:361 (require)
May 19 15:53:56 simplesamlphp ERROR [f2a956e8d0] 0 /var/www/html/simplesamlphp/www/module.php:136 (N/A)
May 19 15:53:56 simplesamlphp ERROR [f2a956e8d0] SimpleSAML_Error_Exception: Error 8 - Undefined index: stepupAuth
May 19 15:53:56 simplesamlphp ERROR [f2a956e8d0] Backtrace:
May 19 15:53:56 simplesamlphp ERROR [f2a956e8d0] 4 /var/www/html/simplesamlphp/www/_include.php:84 (SimpleSAML_error_handler)
May 19 15:53:56 simplesamlphp ERROR [f2a956e8d0] 3 /var/www/html/simplesamlphp/modules/sm/templates/loginuserpass.php:238 (require)
May 19 15:53:56 simplesamlphp ERROR [f2a956e8d0] 2 /var/www/html/simplesamlphp/lib/SimpleSAML/XHTML/Template.php:577 (SimpleSAML_XHTML_Template::show)
May 19 15:53:56 simplesamlphp ERROR [f2a956e8d0] 1 /var/www/html/simplesamlphp/modules/sm/www/loginuserpass.php:1058 (require)
May 19 15:53:56 simplesamlphp ERROR [f2a956e8d0] 0 /var/www/html/simplesamlphp/www/module.php:136 (N/A)
May 19 16:03:30 simplesamlphp ERROR [f2a956e8d0] SimpleSAML_Error_Exception: Error 8 - Undefined index: stepupAuth
May 19 16:03:30 simplesamlphp ERROR [f2a956e8d0] Backtrace:
May 19 16:03:30 simplesamlphp ERROR [f2a956e8d0] 4 /var/www/html/simplesamlphp/www/_include.php:84 (SimpleSAML_error_handler)
May 19 16:03:30 simplesamlphp ERROR [f2a956e8d0] 3 /var/www/html/simplesamlphp/modules/sm/templates/loginuserpass.php:238 (require)
May 19 16:03:30 simplesamlphp ERROR [f2a956e8d0] 2 /var/www/html/simplesamlphp/lib/SimpleSAML/XHTML/Template.php:577 (SimpleSAML_XHTML_Template::show)
May 19 16:03:30 simplesamlphp ERROR [f2a956e8d0] 1 /var/www/html/simplesamlphp/modules/sm/www/loginuserpass.php:1058 (require)
May 19 16:03:30 simplesamlphp ERROR [f2a956e8d0] 0 /var/www/html/simplesamlphp/www/module.php:136 (N/A)
May 19 16:10:10 simplesamlphp ERROR [f2a956e8d0] SimpleSAML_Error_Exception: Error 8 - Undefined index: auth_static
May 19 16:10:10 simplesamlphp ERROR [f2a956e8d0] Backtrace:
May 19 16:10:10 simplesamlphp ERROR [f2a956e8d0] 4 /var/www/html/simplesamlphp/www/_include.php:84 (SimpleSAML_error_handler)
May 19 16:10:10 simplesamlphp ERROR [f2a956e8d0] 3 /var/www/html/simplesamlphp/modules/sm/lib/Auth/Source/UserPass.php:474 (sspmod_sm_Auth_Source_UserPass::loginPasswordless)
May 19 16:10:10 simplesamlphp ERROR [f2a956e8d0] 2 /var/www/html/simplesamlphp/modules/sm/lib/Auth/Source/UserPass.php:2113 (sspmod_sm_Auth_Source_UserPass::handleLoginPasswordless)
May 19 16:10:10 simplesamlphp ERROR [f2a956e8d0] 1 /var/www/html/simplesamlphp/modules/sm/www/loginuserpass.php:361 (require)
May 19 16:10:10 simplesamlphp ERROR [f2a956e8d0] 0 /var/www/html/simplesamlphp/www/module.php:136 (N/A)
May 19 16:10:10 simplesamlphp ERROR [f2a956e8d0] SimpleSAML_Error_Exception: Error 8 - Undefined variable: nameID
May 19 16:10:10 simplesamlphp ERROR [f2a956e8d0] Backtrace:
May 19 16:10:10 simplesamlphp ERROR [f2a956e8d0] 4 /var/www/html/simplesamlphp/www/_include.php:84 (SimpleSAML_error_handler)
May 19 16:10:10 simplesamlphp ERROR [f2a956e8d0] 3 /var/www/html/simplesamlphp/modules/sm/lib/Auth/Source/UserPass.php:476 (sspmod_sm_Auth_Source_UserPass::loginPasswordless)
May 19 16:10:10 simplesamlphp ERROR [f2a956e8d0] 2 /var/www/html/simplesamlphp/modules/sm/lib/Auth/Source/UserPass.php:2113 (sspmod_sm_Auth_Source_UserPass::handleLoginPasswordless)
May 19 16:10:10 simplesamlphp ERROR [f2a956e8d0] 1 /var/www/html/simplesamlphp/modules/sm/www/loginuserpass.php:361 (require)
May 19 16:10:10 simplesamlphp ERROR [f2a956e8d0] 0 /var/www/html/simplesamlphp/www/module.php:136 (N/A)
May 19 16:10:10 simplesamlphp ERROR [f2a956e8d0] SimpleSAML_Error_Exception: Error 8 - Undefined index: stepupAuth
May 19 16:10:10 simplesamlphp ERROR [f2a956e8d0] Backtrace:
May 19 16:10:10 simplesamlphp ERROR [f2a956e8d0] 4 /var/www/html/simplesamlphp/www/_include.php:84 (SimpleSAML_error_handler)
May 19 16:10:10 simplesamlphp ERROR [f2a956e8d0] 3 /var/www/html/simplesamlphp/modules/sm/templates/loginuserpass.php:238 (require)
May 19 16:10:10 simplesamlphp ERROR [f2a956e8d0] 2 /var/www/html/simplesamlphp/lib/SimpleSAML/XHTML/Template.php:577 (SimpleSAML_XHTML_Template::show)
May 19 16:10:10 simplesamlphp ERROR [f2a956e8d0] 1 /var/www/html/simplesamlphp/modules/sm/www/loginuserpass.php:1058 (require)
May 19 16:10:10 simplesamlphp ERROR [f2a956e8d0] 0 /var/www/html/simplesamlphp/www/module.php:136 (N/A)
May 19 16:12:11 simplesamlphp ERROR [f2a956e8d0] SimpleSAML_Error_Exception: Error 8 - Undefined index: auth_static
May 19 16:12:11 simplesamlphp ERROR [f2a956e8d0] Backtrace:
May 19 16:12:11 simplesamlphp ERROR [f2a956e8d0] 4 /var/www/html/simplesamlphp/www/_include.php:84 (SimpleSAML_error_handler)
May 19 16:12:11 simplesamlphp ERROR [f2a956e8d0] 3 /var/www/html/simplesamlphp/modules/sm/lib/Auth/Source/UserPass.php:474 (sspmod_sm_Auth_Source_UserPass::loginPasswordless)
May 19 16:12:11 simplesamlphp ERROR [f2a956e8d0] 2 /var/www/html/simplesamlphp/modules/sm/lib/Auth/Source/UserPass.php:2113 (sspmod_sm_Auth_Source_UserPass::handleLoginPasswordless)
May 19 16:12:11 simplesamlphp ERROR [f2a956e8d0] 1 /var/www/html/simplesamlphp/modules/sm/www/loginuserpass.php:361 (require)
May 19 16:12:11 simplesamlphp ERROR [f2a956e8d0] 0 /var/www/html/simplesamlphp/www/module.php:136 (N/A)
May 19 16:12:11 simplesamlphp ERROR [f2a956e8d0] SimpleSAML_Error_Exception: Error 8 - Undefined variable: nameID
May 19 16:12:11 simplesamlphp ERROR [f2a956e8d0] Backtrace:
May 19 16:12:11 simplesamlphp ERROR [f2a956e8d0] 4 /var/www/html/simplesamlphp/www/_include.php:84 (SimpleSAML_error_handler)
May 19 16:12:11 simplesamlphp ERROR [f2a956e8d0] 3 /var/www/html/simplesamlphp/modules/sm/lib/Auth/Source/UserPass.php:476 (sspmod_sm_Auth_Source_UserPass::loginPasswordless)
May 19 16:12:11 simplesamlphp ERROR [f2a956e8d0] 2 /var/www/html/simplesamlphp/modules/sm/lib/Auth/Source/UserPass.php:2113 (sspmod_sm_Auth_Source_UserPass::handleLoginPasswordless)
May 19 16:12:11 simplesamlphp ERROR [f2a956e8d0] 1 /var/www/html/simplesamlphp/modules/sm/www/loginuserpass.php:361 (require)
May 19 16:12:11 simplesamlphp ERROR [f2a956e8d0] 0 /var/www/html/simplesamlphp/www/module.php:136 (N/A)
May 19 16:12:11 simplesamlphp ERROR [f2a956e8d0] SimpleSAML_Error_Exception: Error 8 - Undefined index: stepupAuth
May 19 16:12:11 simplesamlphp ERROR [f2a956e8d0] Backtrace:
May 19 16:12:11 simplesamlphp ERROR [f2a956e8d0] 4 /var/www/html/simplesamlphp/www/_include.php:84 (SimpleSAML_error_handler)
May 19 16:12:11 simplesamlphp ERROR [f2a956e8d0] 3 /var/www/html/simplesamlphp/modules/sm/templates/loginuserpass.php:238 (require)
May 19 16:12:11 simplesamlphp ERROR [f2a956e8d0] 2 /var/www/html/simplesamlphp/lib/SimpleSAML/XHTML/Template.php:577 (SimpleSAML_XHTML_Template::show)
May 19 16:12:11 simplesamlphp ERROR [f2a956e8d0] 1 /var/www/html/simplesamlphp/modules/sm/www/loginuserpass.php:1058 (require)
May 19 16:12:11 simplesamlphp ERROR [f2a956e8d0] 0 /var/www/html/simplesamlphp/www/module.php:136 (N/A)
May 19 16:20:40 simplesamlphp ERROR [f2a956e8d0] SimpleSAML_Error_Exception: Error 8 - Undefined index: stepupAuth
May 19 16:20:40 simplesamlphp ERROR [f2a956e8d0] Backtrace:
May 19 16:20:40 simplesamlphp ERROR [f2a956e8d0] 4 /var/www/html/simplesamlphp/www/_include.php:84 (SimpleSAML_error_handler)
May 19 16:20:40 simplesamlphp ERROR [f2a956e8d0] 3 /var/www/html/simplesamlphp/modules/sm/templates/loginuserpass.php:238 (require)
May 19 16:20:40 simplesamlphp ERROR [f2a956e8d0] 2 /var/www/html/simplesamlphp/lib/SimpleSAML/XHTML/Template.php:577 (SimpleSAML_XHTML_Template::show)
May 19 16:20:40 simplesamlphp ERROR [f2a956e8d0] 1 /var/www/html/simplesamlphp/modules/sm/www/loginuserpass.php:1058 (require)
May 19 16:20:40 simplesamlphp ERROR [f2a956e8d0] 0 /var/www/html/simplesamlphp/www/module.php:136 (N/A)
May 19 16:22:07 simplesamlphp ERROR [f2a956e8d0] SimpleSAML_Error_Exception: Error 8 - Undefined index: auth_static
May 19 16:22:07 simplesamlphp ERROR [f2a956e8d0] Backtrace:
May 19 16:22:07 simplesamlphp ERROR [f2a956e8d0] 4 /var/www/html/simplesamlphp/www/_include.php:84 (SimpleSAML_error_handler)
May 19 16:22:07 simplesamlphp ERROR [f2a956e8d0] 3 /var/www/html/simplesamlphp/modules/sm/lib/Auth/Source/UserPass.php:474 (sspmod_sm_Auth_Source_UserPass::loginPasswordless)
May 19 16:22:07 simplesamlphp ERROR [f2a956e8d0] 2 /var/www/html/simplesamlphp/modules/sm/lib/Auth/Source/UserPass.php:2113 (sspmod_sm_Auth_Source_UserPass::handleLoginPasswordless)
May 19 16:22:07 simplesamlphp ERROR [f2a956e8d0] 1 /var/www/html/simplesamlphp/modules/sm/www/loginuserpass.php:361 (require)
May 19 16:22:07 simplesamlphp ERROR [f2a956e8d0] 0 /var/www/html/simplesamlphp/www/module.php:136 (N/A)
May 19 16:22:07 simplesamlphp ERROR [f2a956e8d0] SimpleSAML_Error_Exception: Error 8 - Undefined variable: nameID
May 19 16:22:07 simplesamlphp ERROR [f2a956e8d0] Backtrace:
May 19 16:22:07 simplesamlphp ERROR [f2a956e8d0] 4 /var/www/html/simplesamlphp/www/_include.php:84 (SimpleSAML_error_handler)
May 19 16:22:07 simplesamlphp ERROR [f2a956e8d0] 3 /var/www/html/simplesamlphp/modules/sm/lib/Auth/Source/UserPass.php:476 (sspmod_sm_Auth_Source_UserPass::loginPasswordless)
May 19 16:22:07 simplesamlphp ERROR [f2a956e8d0] 2 /var/www/html/simplesamlphp/modules/sm/lib/Auth/Source/UserPass.php:2113 (sspmod_sm_Auth_Source_UserPass::handleLoginPasswordless)
May 19 16:22:07 simplesamlphp ERROR [f2a956e8d0] 1 /var/www/html/simplesamlphp/modules/sm/www/loginuserpass.php:361 (require)
May 19 16:22:07 simplesamlphp ERROR [f2a956e8d0] 0 /var/www/html/simplesamlphp/www/module.php:136 (N/A)
May 19 16:22:07 simplesamlphp ERROR [f2a956e8d0] SimpleSAML_Error_Exception: Error 8 - Undefined index: stepupAuth
May 19 16:22:07 simplesamlphp ERROR [f2a956e8d0] Backtrace:
May 19 16:22:07 simplesamlphp ERROR [f2a956e8d0] 4 /var/www/html/simplesamlphp/www/_include.php:84 (SimpleSAML_error_handler)
May 19 16:22:07 simplesamlphp ERROR [f2a956e8d0] 3 /var/www/html/simplesamlphp/modules/sm/templates/loginuserpass.php:238 (require)
May 19 16:22:07 simplesamlphp ERROR [f2a956e8d0] 2 /var/www/html/simplesamlphp/lib/SimpleSAML/XHTML/Template.php:577 (SimpleSAML_XHTML_Template::show)
May 19 16:22:07 simplesamlphp ERROR [f2a956e8d0] 1 /var/www/html/simplesamlphp/modules/sm/www/loginuserpass.php:1058 (require)
May 19 16:22:07 simplesamlphp ERROR [f2a956e8d0] 0 /var/www/html/simplesamlphp/www/module.php:136 (N/A)
May 19 16:22:12 simplesamlphp ERROR [f2a956e8d0] SimpleSAML_Error_Exception: Error 8 - Undefined property: stdClass::$defAccId
May 19 16:22:12 simplesamlphp ERROR [f2a956e8d0] Backtrace:
May 19 16:22:12 simplesamlphp ERROR [f2a956e8d0] 4 /var/www/html/simplesamlphp/www/_include.php:84 (SimpleSAML_error_handler)
May 19 16:22:12 simplesamlphp ERROR [f2a956e8d0] 3 /var/www/html/simplesamlphp/modules/sm/lib/Auth/Source/UserPass.php:536 (sspmod_sm_Auth_Source_UserPass::login)
May 19 16:22:12 simplesamlphp ERROR [f2a956e8d0] 2 /var/www/html/simplesamlphp/modules/sm/lib/Auth/Source/UserPass.php:2078 (sspmod_sm_Auth_Source_UserPass::handleLogin)
May 19 16:22:12 simplesamlphp ERROR [f2a956e8d0] 1 /var/www/html/simplesamlphp/modules/sm/www/loginuserpass.php:396 (require)
May 19 16:22:12 simplesamlphp ERROR [f2a956e8d0] 0 /var/www/html/simplesamlphp/www/module.php:136 (N/A)
May 19 16:22:12 simplesamlphp ERROR [f2a956e8d0] SimpleSAML_Error_Exception: Error 8 - Undefined property: stdClass::$defDeviceName
May 19 16:22:12 simplesamlphp ERROR [f2a956e8d0] Backtrace:
May 19 16:22:12 simplesamlphp ERROR [f2a956e8d0] 4 /var/www/html/simplesamlphp/www/_include.php:84 (SimpleSAML_error_handler)
May 19 16:22:12 simplesamlphp ERROR [f2a956e8d0] 3 /var/www/html/simplesamlphp/modules/sm/lib/Auth/Source/UserPass.php:539 (sspmod_sm_Auth_Source_UserPass::login)
May 19 16:22:12 simplesamlphp ERROR [f2a956e8d0] 2 /var/www/html/simplesamlphp/modules/sm/lib/Auth/Source/UserPass.php:2078 (sspmod_sm_Auth_Source_UserPass::handleLogin)
May 19 16:22:12 simplesamlphp ERROR [f2a956e8d0] 1 /var/www/html/simplesamlphp/modules/sm/www/loginuserpass.php:396 (require)
May 19 16:22:12 simplesamlphp ERROR [f2a956e8d0] 0 /var/www/html/simplesamlphp/www/module.php:136 (N/A)
May 19 16:22:12 simplesamlphp ERROR [f2a956e8d0] SimpleSAML_Error_Exception: Error 8 - Undefined property: stdClass::$defAccId
May 19 16:22:12 simplesamlphp ERROR [f2a956e8d0] Backtrace:
May 19 16:22:12 simplesamlphp ERROR [f2a956e8d0] 4 /var/www/html/simplesamlphp/www/_include.php:84 (SimpleSAML_error_handler)
May 19 16:22:12 simplesamlphp ERROR [f2a956e8d0] 3 /var/www/html/simplesamlphp/modules/sm/lib/Auth/Source/UserPass.php:542 (sspmod_sm_Auth_Source_UserPass::login)
May 19 16:22:12 simplesamlphp ERROR [f2a956e8d0] 2 /var/www/html/simplesamlphp/modules/sm/lib/Auth/Source/UserPass.php:2078 (sspmod_sm_Auth_Source_UserPass::handleLogin)
May 19 16:22:12 simplesamlphp ERROR [f2a956e8d0] 1 /var/www/html/simplesamlphp/modules/sm/www/loginuserpass.php:396 (require)
May 19 16:22:12 simplesamlphp ERROR [f2a956e8d0] 0 /var/www/html/simplesamlphp/www/module.php:136 (N/A)
May 19 16:22:12 simplesamlphp ERROR [f2a956e8d0] SimpleSAML_Error_Exception: Error 8 - Undefined index: stepupAuth
May 19 16:22:12 simplesamlphp ERROR [f2a956e8d0] Backtrace:
May 19 16:22:12 simplesamlphp ERROR [f2a956e8d0] 4 /var/www/html/simplesamlphp/www/_include.php:84 (SimpleSAML_error_handler)
May 19 16:22:12 simplesamlphp ERROR [f2a956e8d0] 3 /var/www/html/simplesamlphp/modules/sm/templates/loginuserpass.php:238 (require)
May 19 16:22:12 simplesamlphp ERROR [f2a956e8d0] 2 /var/www/html/simplesamlphp/lib/SimpleSAML/XHTML/Template.php:577 (SimpleSAML_XHTML_Template::show)
May 19 16:22:12 simplesamlphp ERROR [f2a956e8d0] 1 /var/www/html/simplesamlphp/modules/sm/www/loginuserpass.php:1058 (require)
May 19 16:22:12 simplesamlphp ERROR [f2a956e8d0] 0 /var/www/html/simplesamlphp/www/module.php:136 (N/A)
May 19 16:22:26 simplesamlphp ERROR [f2a956e8d0] SimpleSAML_Error_Exception: Error 8 - Undefined index: stepupAuth
May 19 16:22:26 simplesamlphp ERROR [f2a956e8d0] Backtrace:
May 19 16:22:26 simplesamlphp ERROR [f2a956e8d0] 4 /var/www/html/simplesamlphp/www/_include.php:84 (SimpleSAML_error_handler)
May 19 16:22:26 simplesamlphp ERROR [f2a956e8d0] 3 /var/www/html/simplesamlphp/modules/sm/templates/loginuserpass.php:238 (require)
May 19 16:22:26 simplesamlphp ERROR [f2a956e8d0] 2 /var/www/html/simplesamlphp/lib/SimpleSAML/XHTML/Template.php:577 (SimpleSAML_XHTML_Template::show)
May 19 16:22:26 simplesamlphp ERROR [f2a956e8d0] 1 /var/www/html/simplesamlphp/modules/sm/www/loginuserpass.php:1058 (require)
May 19 16:22:26 simplesamlphp ERROR [f2a956e8d0] 0 /var/www/html/simplesamlphp/www/module.php:136 (N/A)
